#
# There is insufficient memory for the Java Runtime Environment to continue.
# Native memory allocation (malloc) failed to allocate 32744 bytes for Chunk::new
# Possible reasons:
#   The system is out of physical RAM or swap space
#   The process is running with CompressedOops enabled, and the Java Heap may be blocking the growth of the native heap
# Possible solutions:
#   Reduce memory load on the system
#   Increase physical memory or swap space
#   Check if swap backing store is full
#   Decrease Java heap size (-Xmx/-Xms)
#   Decrease number of Java threads
#   Decrease Java thread stack sizes (-Xss)
#   Set larger code cache with -XX:ReservedCodeCacheSize=
#   JVM is running with Zero Based Compressed Oops mode in which the Java heap is
#     placed in the first 32GB address space. The Java Heap base address is the
#     maximum limit for the native heap growth. Please use -XX:HeapBaseMinAddress
#     to set the Java Heap base and to place the Java Heap above 32GB virtual address.
# This output file may be truncated or incomplete.
#
#  Out of Memory Error (arena.cpp:166), pid=13204, tid=9736
#
# JRE version: Java(TM) SE Runtime Environment (21.0+35) (build 21+35-LTS-2513)
# Java VM: Java HotSpot(TM) 64-Bit Server VM (21+35-LTS-2513, mixed mode, sharing, tiered, compressed oops, compressed class ptrs, g1 gc, windows-amd64)
# No core dump will be written. Minidumps are not enabled by default on client versions of Windows
#

---------------  S U M M A R Y ------------

Command Line: -javaagent:C:\Program Files\JetBrains\IntelliJ IDEA Community Edition 2023.2.1\lib\idea_rt.jar=58333:C:\Program Files\JetBrains\IntelliJ IDEA Community Edition 2023.2.1\bin -Dfile.encoding=UTF-8 -Dsun.stdout.encoding=UTF-8 -Dsun.stderr.encoding=UTF-8 cv.api.InventoryApiApplication

Host: Intel(R) Core(TM) i5-6500 CPU @ 3.20GHz, 4 cores, 15G,  Windows 10 , 64 bit Build 19041 (10.0.19041.3031)
Time: Mon Dec  4 11:53:06 2023 Myanmar Standard Time elapsed time: 215.243754 seconds (0d 0h 3m 35s)

---------------  T H R E A D  ---------------

Current thread (0x00000270ff0f98e0):  JavaThread "C2 CompilerThread1" daemon [_thread_in_native, id=9736, stack(0x000000f0ccd00000,0x000000f0cce00000) (1024K)]


Current CompileTask:
C2: 215243 8436       4       org.springframework.core.annotation.TypeMappedAnnotations::scan (66 bytes)

Stack: [0x000000f0ccd00000,0x000000f0cce00000]
Native frames: (J=compiled Java code, j=interpreted, Vv=VM code, C=native code)
V  [jvm.dll+0x6c8d39]
V  [jvm.dll+0x854091]
V  [jvm.dll+0x85630e]
V  [jvm.dll+0x8569e3]
V  [jvm.dll+0x2809a6]
V  [jvm.dll+0xc3e6d]
V  [jvm.dll+0xc4383]
V  [jvm.dll+0x3ba755]
V  [jvm.dll+0x5d4bf4]
V  [jvm.dll+0x1e1fbf]
V  [jvm.dll+0x249952]
V  [jvm.dll+0x248de1]
V  [jvm.dll+0x1c9b91]
V  [jvm.dll+0x2583e9]
V  [jvm.dll+0x2569ca]
V  [jvm.dll+0x3eef66]
V  [jvm.dll+0x7fd2c8]
V  [jvm.dll+0x6c748d]
C  [ucrtbase.dll+0x21bb2]
C  [KERNEL32.DLL+0x17614]
C  [ntdll.dll+0x526f1]


---------------  P R O C E S S  ---------------

Threads class SMR info:
_java_thread_list=0x00000270fee00d00, length=20, elements={
0x00000270f6c893c0, 0x00000270f6c8a8f0, 0x00000270f6c8fc70, 0x00000270f6c906d0,
0x00000270f6c91130, 0x00000270f6c91b90, 0x00000270f6c9c940, 0x00000270f6cc08f0,
0x00000270fb0f0bd0, 0x00000270fb322ce0, 0x00000270fb323350, 0x00000270fdfa5830,
0x00000270fdfa51a0, 0x00000270fdfa4480, 0x00000270fdfa4b10, 0x00000270fe185a30,
0x00000270fe187470, 0x00000270fe188eb0, 0x00000270fe186de0, 0x00000270ff0f98e0
}

Java Threads: ( => current thread )
  0x00000270f6c893c0 JavaThread "Reference Handler"          daemon [_thread_blocked, id=4380, stack(0x000000f0cd600000,0x000000f0cd700000) (1024K)]
  0x00000270f6c8a8f0 JavaThread "Finalizer"                  daemon [_thread_blocked, id=10092, stack(0x000000f0cd700000,0x000000f0cd800000) (1024K)]
  0x00000270f6c8fc70 JavaThread "Signal Dispatcher"          daemon [_thread_blocked, id=13360, stack(0x000000f0cd800000,0x000000f0cd900000) (1024K)]
  0x00000270f6c906d0 JavaThread "Attach Listener"            daemon [_thread_blocked, id=4144, stack(0x000000f0cd900000,0x000000f0cda00000) (1024K)]
  0x00000270f6c91130 JavaThread "Service Thread"             daemon [_thread_blocked, id=15000, stack(0x000000f0cda00000,0x000000f0cdb00000) (1024K)]
  0x00000270f6c91b90 JavaThread "Monitor Deflation Thread"   daemon [_thread_blocked, id=10564, stack(0x000000f0cdb00000,0x000000f0cdc00000) (1024K)]
  0x00000270f6c9c940 JavaThread "C2 CompilerThread0"         daemon [_thread_in_native, id=852, stack(0x000000f0cdc00000,0x000000f0cdd00000) (1024K)]
  0x00000270f6cc08f0 JavaThread "C1 CompilerThread0"         daemon [_thread_blocked, id=3964, stack(0x000000f0cdd00000,0x000000f0cde00000) (1024K)]
  0x00000270fb0f0bd0 JavaThread "Common-Cleaner"             daemon [_thread_blocked, id=1864, stack(0x000000f0cde00000,0x000000f0cdf00000) (1024K)]
  0x00000270fb322ce0 JavaThread "Monitor Ctrl-Break"         daemon [_thread_in_native, id=15020, stack(0x000000f0ce000000,0x000000f0ce100000) (1024K)]
  0x00000270fb323350 JavaThread "Notification Thread"        daemon [_thread_blocked, id=12656, stack(0x000000f0ce100000,0x000000f0ce200000) (1024K)]
  0x00000270fdfa5830 JavaThread "boundedElastic-evictor-1"   daemon [_thread_blocked, id=10376, stack(0x000000f0ce500000,0x000000f0ce600000) (1024K)]
  0x00000270fdfa51a0 JavaThread "HikariPool-1 housekeeper"   daemon [_thread_blocked, id=5836, stack(0x000000f0ce700000,0x000000f0ce800000) (1024K)]
  0x00000270fdfa4480 JavaThread "reactor-http-nio-1"         daemon [_thread_in_native, id=1348, stack(0x000000f0ce900000,0x000000f0cea00000) (1024K)]
  0x00000270fdfa4b10 JavaThread "server"                            [_thread_blocked, id=8944, stack(0x000000f0cea00000,0x000000f0ceb00000) (1024K)]
  0x00000270fe185a30 JavaThread "scheduling-1"                      [_thread_blocked, id=10184, stack(0x000000f0ceb00000,0x000000f0cec00000) (1024K)]
  0x00000270fe187470 JavaThread "DestroyJavaVM"                     [_thread_blocked, id=12792, stack(0x000000f0cce00000,0x000000f0ccf00000) (1024K)]
  0x00000270fe188eb0 JavaThread "reactor-http-nio-2"         daemon [_thread_blocked, id=14004, stack(0x000000f0ccb00000,0x000000f0ccc00000) (1024K)]
  0x00000270fe186de0 JavaThread "reactor-http-nio-3"         daemon [_thread_in_vm, id=11600, stack(0x000000f0ccc00000,0x000000f0ccd00000) (1024K)]
=>0x00000270ff0f98e0 JavaThread "C2 CompilerThread1"         daemon [_thread_in_native, id=9736, stack(0x000000f0ccd00000,0x000000f0cce00000) (1024K)]
Total: 20

Other Threads:
  0x00000270f6c676f0 VMThread "VM Thread"                           [id=7516, stack(0x000000f0cd500000,0x000000f0cd600000) (1024K)]
  0x00000270f6c52100 WatcherThread "VM Periodic Task Thread"        [id=14368, stack(0x000000f0cd400000,0x000000f0cd500000) (1024K)]
  0x00000270d63fdf70 WorkerThread "GC Thread#0"                     [id=10652, stack(0x000000f0ccf00000,0x000000f0cd000000) (1024K)]
  0x00000270fb846810 WorkerThread "GC Thread#1"                     [id=8052, stack(0x000000f0ce200000,0x000000f0ce300000) (1024K)]
  0x00000270fb846bb0 WorkerThread "GC Thread#2"                     [id=14100, stack(0x000000f0ce300000,0x000000f0ce400000) (1024K)]
  0x00000270fb847f60 WorkerThread "GC Thread#3"                     [id=11528, stack(0x000000f0ce400000,0x000000f0ce500000) (1024K)]
  0x00000270d8550010 ConcurrentGCThread "G1 Main Marker"            [id=2484, stack(0x000000f0cd000000,0x000000f0cd100000) (1024K)]
  0x00000270d85511c0 WorkerThread "G1 Conc#0"                       [id=14444, stack(0x000000f0cd100000,0x000000f0cd200000) (1024K)]
  0x00000270d859e810 ConcurrentGCThread "G1 Refine#0"               [id=14632, stack(0x000000f0cd200000,0x000000f0cd300000) (1024K)]
  0x00000270f6b138d0 ConcurrentGCThread "G1 Service"                [id=12536, stack(0x000000f0cd300000,0x000000f0cd400000) (1024K)]
Total: 10

Threads with active compile tasks:
C2 CompilerThread0   215277 8478       4       org.springframework.core.annotation.AnnotationsScanner::scan (21 bytes)
C2 CompilerThread1   215277 8436       4       org.springframework.core.annotation.TypeMappedAnnotations::scan (66 bytes)
Total: 2

VM state: not at safepoint (normal execution)

VM Mutex/Monitor currently owned by a thread: None

Heap address: 0x0000000701c00000, size: 4068 MB, Compressed Oops mode: Zero based, Oop shift amount: 3

CDS archive(s) mapped at: [0x0000027080000000-0x0000027080c90000-0x0000027080c90000), size 13172736, SharedBaseAddress: 0x0000027080000000, ArchiveRelocationMode: 1.
Compressed class space mapped at: 0x0000027081000000-0x00000270c1000000, reserved size: 1073741824
Narrow klass base: 0x0000027080000000, Narrow klass shift: 0, Narrow klass range: 0x100000000

GC Precious Log:
 CardTable entry size: 512
 Card Set container configuration: InlinePtr #cards 4 size 8 Array Of Cards #cards 16 size 48 Howl #buckets 8 coarsen threshold 3686 Howl Bitmap #cards 512 size 80 coarsen threshold 460 Card regions per heap region 1 cards per card region 4096
 CPUs: 4 total, 4 available
 Memory: 16267M
 Large Page Support: Disabled
 NUMA Support: Disabled
 Compressed Oops: Enabled (Zero based)
 Heap Region Size: 2M
 Heap Min Capacity: 8M
 Heap Initial Capacity: 256M
 Heap Max Capacity: 4068M
 Pre-touch: Disabled
 Parallel Workers: 4
 Concurrent Workers: 1
 Concurrent Refinement Workers: 4
 Periodic GC: Disabled

Heap:
 garbage-first heap   total 110592K, used 58245K [0x0000000701c00000, 0x0000000800000000)
  region size 2048K, 11 young (22528K), 4 survivors (8192K)
 Metaspace       used 74915K, committed 75648K, reserved 1179648K
  class space    used 9689K, committed 10048K, reserved 1048576K

Heap Regions: E=young(eden), S=young(survivor), O=old, HS=humongous(starts), HC=humongous(continues), CS=collection set, F=free, TAMS=top-at-mark-start, PB=parsable bottom
|   0|0x0000000701c00000, 0x0000000701e00000, 0x0000000701e00000|100%| O|  |TAMS 0x0000000701c00000| PB 0x0000000701c00000| Untracked 
|   1|0x0000000701e00000, 0x0000000702000000, 0x0000000702000000|100%| O|  |TAMS 0x0000000701e00000| PB 0x0000000701e00000| Untracked 
|   2|0x0000000702000000, 0x0000000702200000, 0x0000000702200000|100%| O|  |TAMS 0x0000000702000000| PB 0x0000000702000000| Untracked 
|   3|0x0000000702200000, 0x0000000702400000, 0x0000000702400000|100%| O|  |TAMS 0x0000000702200000| PB 0x0000000702200000| Untracked 
|   4|0x0000000702400000, 0x0000000702600000, 0x0000000702600000|100%| O|  |TAMS 0x0000000702400000| PB 0x0000000702400000| Untracked 
|   5|0x0000000702600000, 0x0000000702800000, 0x0000000702800000|100%| O|  |TAMS 0x0000000702600000| PB 0x0000000702600000| Untracked 
|   6|0x0000000702800000, 0x0000000702a00000, 0x0000000702a00000|100%| O|  |TAMS 0x0000000702800000| PB 0x0000000702800000| Untracked 
|   7|0x0000000702a00000, 0x0000000702c00000, 0x0000000702c00000|100%| O|  |TAMS 0x0000000702a00000| PB 0x0000000702a00000| Untracked 
|   8|0x0000000702c00000, 0x0000000702e00000, 0x0000000702e00000|100%| O|  |TAMS 0x0000000702c00000| PB 0x0000000702c00000| Untracked 
|   9|0x0000000702e00000, 0x0000000703000000, 0x0000000703000000|100%| O|  |TAMS 0x0000000702e00000| PB 0x0000000702e00000| Untracked 
|  10|0x0000000703000000, 0x0000000703200000, 0x0000000703200000|100%| O|  |TAMS 0x0000000703000000| PB 0x0000000703000000| Untracked 
|  11|0x0000000703200000, 0x0000000703400000, 0x0000000703400000|100%| O|  |TAMS 0x0000000703200000| PB 0x0000000703200000| Untracked 
|  12|0x0000000703400000, 0x0000000703600000, 0x0000000703600000|100%| O|  |TAMS 0x0000000703400000| PB 0x0000000703400000| Untracked 
|  13|0x0000000703600000, 0x0000000703800000, 0x0000000703800000|100%| O|  |TAMS 0x0000000703600000| PB 0x0000000703600000| Untracked 
|  14|0x0000000703800000, 0x0000000703a00000, 0x0000000703a00000|100%| O|  |TAMS 0x0000000703800000| PB 0x0000000703800000| Untracked 
|  15|0x0000000703a00000, 0x0000000703a00000, 0x0000000703c00000|  0%| F|  |TAMS 0x0000000703a00000| PB 0x0000000703a00000| Untracked 
|  16|0x0000000703c00000, 0x0000000703e00000, 0x0000000703e00000|100%| O|  |TAMS 0x0000000703c00000| PB 0x0000000703c00000| Untracked 
|  17|0x0000000703e00000, 0x0000000704000000, 0x0000000704000000|100%| O|  |TAMS 0x0000000703e00000| PB 0x0000000703e00000| Untracked 
|  18|0x0000000704000000, 0x0000000704200000, 0x0000000704200000|100%| O|  |TAMS 0x0000000704000000| PB 0x0000000704000000| Untracked 
|  19|0x0000000704200000, 0x0000000704400000, 0x0000000704400000|100%| O|  |TAMS 0x0000000704200000| PB 0x0000000704200000| Untracked 
|  20|0x0000000704400000, 0x0000000704400000, 0x0000000704600000|  0%| F|  |TAMS 0x0000000704400000| PB 0x0000000704400000| Untracked 
|  21|0x0000000704600000, 0x0000000704600000, 0x0000000704800000|  0%| F|  |TAMS 0x0000000704600000| PB 0x0000000704600000| Untracked 
|  22|0x0000000704800000, 0x0000000704800000, 0x0000000704a00000|  0%| F|  |TAMS 0x0000000704800000| PB 0x0000000704800000| Untracked 
|  23|0x0000000704a00000, 0x0000000704a00000, 0x0000000704c00000|  0%| F|  |TAMS 0x0000000704a00000| PB 0x0000000704a00000| Untracked 
|  24|0x0000000704c00000, 0x0000000704ce16c0, 0x0000000704e00000| 44%| O|  |TAMS 0x0000000704c00000| PB 0x0000000704c00000| Untracked 
|  25|0x0000000704e00000, 0x0000000704e00000, 0x0000000705000000|  0%| F|  |TAMS 0x0000000704e00000| PB 0x0000000704e00000| Untracked 
|  26|0x0000000705000000, 0x0000000705200000, 0x0000000705200000|100%| S|CS|TAMS 0x0000000705000000| PB 0x0000000705000000| Complete 
|  27|0x0000000705200000, 0x0000000705400000, 0x0000000705400000|100%| S|CS|TAMS 0x0000000705200000| PB 0x0000000705200000| Complete 
|  28|0x0000000705400000, 0x0000000705600000, 0x0000000705600000|100%| S|CS|TAMS 0x0000000705400000| PB 0x0000000705400000| Complete 
|  29|0x0000000705600000, 0x0000000705800000, 0x0000000705800000|100%| S|CS|TAMS 0x0000000705600000| PB 0x0000000705600000| Complete 
|  30|0x0000000705800000, 0x0000000705800000, 0x0000000705a00000|  0%| F|  |TAMS 0x0000000705800000| PB 0x0000000705800000| Untracked 
|  31|0x0000000705a00000, 0x0000000705a00000, 0x0000000705c00000|  0%| F|  |TAMS 0x0000000705a00000| PB 0x0000000705a00000| Untracked 
|  32|0x0000000705c00000, 0x0000000705c00000, 0x0000000705e00000|  0%| F|  |TAMS 0x0000000705c00000| PB 0x0000000705c00000| Untracked 
|  33|0x0000000705e00000, 0x0000000705e00000, 0x0000000706000000|  0%| F|  |TAMS 0x0000000705e00000| PB 0x0000000705e00000| Untracked 
|  34|0x0000000706000000, 0x0000000706000000, 0x0000000706200000|  0%| F|  |TAMS 0x0000000706000000| PB 0x0000000706000000| Untracked 
|  35|0x0000000706200000, 0x0000000706200000, 0x0000000706400000|  0%| F|  |TAMS 0x0000000706200000| PB 0x0000000706200000| Untracked 
|  36|0x0000000706400000, 0x0000000706400000, 0x0000000706600000|  0%| F|  |TAMS 0x0000000706400000| PB 0x0000000706400000| Untracked 
|  37|0x0000000706600000, 0x0000000706600000, 0x0000000706800000|  0%| F|  |TAMS 0x0000000706600000| PB 0x0000000706600000| Untracked 
|  38|0x0000000706800000, 0x0000000706800000, 0x0000000706a00000|  0%| F|  |TAMS 0x0000000706800000| PB 0x0000000706800000| Untracked 
|  39|0x0000000706a00000, 0x0000000706a00000, 0x0000000706c00000|  0%| F|  |TAMS 0x0000000706a00000| PB 0x0000000706a00000| Untracked 
|  40|0x0000000706c00000, 0x0000000706c00000, 0x0000000706e00000|  0%| F|  |TAMS 0x0000000706c00000| PB 0x0000000706c00000| Untracked 
|  41|0x0000000706e00000, 0x0000000706e00000, 0x0000000707000000|  0%| F|  |TAMS 0x0000000706e00000| PB 0x0000000706e00000| Untracked 
|  42|0x0000000707000000, 0x0000000707000000, 0x0000000707200000|  0%| F|  |TAMS 0x0000000707000000| PB 0x0000000707000000| Untracked 
|  43|0x0000000707200000, 0x0000000707200000, 0x0000000707400000|  0%| F|  |TAMS 0x0000000707200000| PB 0x0000000707200000| Untracked 
|  44|0x0000000707400000, 0x0000000707400000, 0x0000000707600000|  0%| F|  |TAMS 0x0000000707400000| PB 0x0000000707400000| Untracked 
|  45|0x0000000707600000, 0x0000000707600000, 0x0000000707800000|  0%| F|  |TAMS 0x0000000707600000| PB 0x0000000707600000| Untracked 
|  46|0x0000000707800000, 0x0000000707800000, 0x0000000707a00000|  0%| F|  |TAMS 0x0000000707800000| PB 0x0000000707800000| Untracked 
|  81|0x000000070be00000, 0x000000070bf287c0, 0x000000070c000000| 57%| E|  |TAMS 0x000000070be00000| PB 0x000000070be00000| Complete 
|  82|0x000000070c000000, 0x000000070c200000, 0x000000070c200000|100%| E|CS|TAMS 0x000000070c000000| PB 0x000000070c000000| Complete 
|  83|0x000000070c200000, 0x000000070c400000, 0x000000070c400000|100%| E|CS|TAMS 0x000000070c200000| PB 0x000000070c200000| Complete 
|  84|0x000000070c400000, 0x000000070c600000, 0x000000070c600000|100%| E|  |TAMS 0x000000070c400000| PB 0x000000070c400000| Complete 
|  85|0x000000070c600000, 0x000000070c800000, 0x000000070c800000|100%| E|CS|TAMS 0x000000070c600000| PB 0x000000070c600000| Complete 
|  86|0x000000070c800000, 0x000000070ca00000, 0x000000070ca00000|100%| E|CS|TAMS 0x000000070c800000| PB 0x000000070c800000| Complete 
| 127|0x0000000711a00000, 0x0000000711c00000, 0x0000000711c00000|100%| E|CS|TAMS 0x0000000711a00000| PB 0x0000000711a00000| Complete 

Card table byte_map: [0x00000270f0130000,0x00000270f0930000] _byte_map_base: 0x00000270ec922000

Marking Bits: (CMBitMap*) 0x00000270d63fe670
 Bits: [0x00000270f0930000, 0x00000270f48c0000)

Polling page: 0x00000270d6270000

Metaspace:

Usage:
  Non-class:     63.70 MB used.
      Class:      9.46 MB used.
       Both:     73.16 MB used.

Virtual space:
  Non-class space:      128.00 MB reserved,      64.06 MB ( 50%) committed,  2 nodes.
      Class space:        1.00 GB reserved,       9.81 MB ( <1%) committed,  1 nodes.
             Both:        1.12 GB reserved,      73.88 MB (  6%) committed. 

Chunk freelists:
   Non-Class:  15.83 MB
       Class:  6.23 MB
        Both:  22.06 MB

MaxMetaspaceSize: unlimited
CompressedClassSpaceSize: 1.00 GB
Initial GC threshold: 21.00 MB
Current GC threshold: 97.94 MB
CDS: on
 - commit_granule_bytes: 65536.
 - commit_granule_words: 8192.
 - virtual_space_node_default_size: 8388608.
 - enlarge_chunks_in_place: 1.
 - use_allocation_guard: 0.


Internal statistics:

num_allocs_failed_limit: 9.
num_arena_births: 1096.
num_arena_deaths: 0.
num_vsnodes_births: 3.
num_vsnodes_deaths: 0.
num_space_committed: 1182.
num_space_uncommitted: 0.
num_chunks_returned_to_freelist: 9.
num_chunks_taken_from_freelist: 3942.
num_chunk_merges: 9.
num_chunk_splits: 2813.
num_chunks_enlarged: 2179.
num_inconsistent_stats: 0.

CodeHeap 'non-profiled nmethods': size=120000Kb used=4987Kb max_used=4987Kb free=115012Kb
 bounds [0x00000270e8400000, 0x00000270e88e0000, 0x00000270ef930000]
CodeHeap 'profiled nmethods': size=120000Kb used=16215Kb max_used=16215Kb free=103784Kb
 bounds [0x00000270e0930000, 0x00000270e1910000, 0x00000270e7e60000]
CodeHeap 'non-nmethods': size=5760Kb used=1712Kb max_used=1771Kb free=4048Kb
 bounds [0x00000270e7e60000, 0x00000270e80d0000, 0x00000270e8400000]
 total_blobs=8737 nmethods=8000 adapters=640
 compilation: enabled
              stopped_count=0, restarted_count=0
 full_count=0

Compilation events (20 events):
Event: 215.227 Thread 0x00000270f6cc08f0 8693       2       java.lang.reflect.Method::specificToStringHeader (44 bytes)
Event: 215.228 Thread 0x00000270f6cc08f0 nmethod 8693 0x00000270e1901610 code [0x00000270e1901800, 0x00000270e1901a48]
Event: 215.228 Thread 0x00000270f6cc08f0 8694       2       java.lang.reflect.Executable$$Lambda/0x000002708145cf60::apply (13 bytes)
Event: 215.228 Thread 0x00000270f6cc08f0 nmethod 8694 0x00000270e1901c10 code [0x00000270e1901dc0, 0x00000270e1901f20]
Event: 215.228 Thread 0x00000270f6cc08f0 8695       2       java.lang.reflect.Executable::printModifiersIfNonzero (101 bytes)
Event: 215.228 Thread 0x00000270f6cc08f0 nmethod 8695 0x00000270e1902010 code [0x00000270e1902240, 0x00000270e1902590]
Event: 215.228 Thread 0x00000270f6cc08f0 8689       2       org.springframework.core.MethodClassKey::compareTo (9 bytes)
Event: 215.228 Thread 0x00000270f6cc08f0 nmethod 8689 0x00000270e1902810 code [0x00000270e19029c0, 0x00000270e1902b20]
Event: 215.228 Thread 0x00000270f6cc08f0 8690       2       org.springframework.core.MethodClassKey::compareTo (78 bytes)
Event: 215.229 Thread 0x00000270f6cc08f0 nmethod 8690 0x00000270e1902c10 code [0x00000270e1902e00, 0x00000270e19030b8]
Event: 215.229 Thread 0x00000270f6cc08f0 8696       2       org.springframework.core.MethodParameter::getGenericParameterType (147 bytes)
Event: 215.230 Thread 0x00000270f6cc08f0 nmethod 8696 0x00000270e1903390 code [0x00000270e1903600, 0x00000270e1904048]
Event: 215.230 Thread 0x00000270f6cc08f0 8697       2       org.springframework.core.MethodParameter::getContainingClass (18 bytes)
Event: 215.230 Thread 0x00000270f6cc08f0 nmethod 8697 0x00000270e1904490 code [0x00000270e1904640, 0x00000270e1904788]
Event: 215.231 Thread 0x00000270f6cc08f0 8698       2       java.lang.ThreadLocal$ThreadLocalMap::getEntryAfterMiss (59 bytes)
Event: 215.231 Thread 0x00000270f6cc08f0 nmethod 8698 0x00000270e1904890 code [0x00000270e1904a60, 0x00000270e1904d40]
Event: 215.233 Thread 0x00000270f6cc08f0 8700       2       java.util.concurrent.ConcurrentHashMap$TreeNode::<init> (16 bytes)
Event: 215.234 Thread 0x00000270f6cc08f0 nmethod 8700 0x00000270e1904f10 code [0x00000270e19050c0, 0x00000270e1905370]
Event: 215.241 Thread 0x00000270f6cc08f0 8702       2       org.springframework.boot.context.properties.source.SpringIterableConfigurationPropertySource::isImmutablePropertySource (52 bytes)
Event: 215.241 Thread 0x00000270f6cc08f0 nmethod 8702 0x00000270e1905410 code [0x00000270e1905600, 0x00000270e1905928]

GC Heap History (20 events):
Event: 4.142 GC heap before
{Heap before GC invocations=7 (full 0):
 garbage-first heap   total 75776K, used 34762K [0x0000000701c00000, 0x0000000800000000)
  region size 2048K, 8 young (16384K), 3 survivors (6144K)
 Metaspace       used 35442K, committed 35968K, reserved 1114112K
  class space    used 4344K, committed 4544K, reserved 1048576K
}
Event: 4.149 GC heap after
{Heap after GC invocations=8 (full 0):
 garbage-first heap   total 75776K, used 27260K [0x0000000701c00000, 0x0000000800000000)
  region size 2048K, 1 young (2048K), 1 survivors (2048K)
 Metaspace       used 35442K, committed 35968K, reserved 1114112K
  class space    used 4344K, committed 4544K, reserved 1048576K
}
Event: 5.049 GC heap before
{Heap before GC invocations=9 (full 0):
 garbage-first heap   total 75776K, used 60028K [0x0000000701c00000, 0x0000000800000000)
  region size 2048K, 18 young (36864K), 1 survivors (2048K)
 Metaspace       used 45400K, committed 45952K, reserved 1114112K
  class space    used 5757K, committed 6016K, reserved 1048576K
}
Event: 5.054 GC heap after
{Heap after GC invocations=10 (full 0):
 garbage-first heap   total 75776K, used 29458K [0x0000000701c00000, 0x0000000800000000)
  region size 2048K, 2 young (4096K), 2 survivors (4096K)
 Metaspace       used 45400K, committed 45952K, reserved 1114112K
  class space    used 5757K, committed 6016K, reserved 1048576K
}
Event: 5.799 GC heap before
{Heap before GC invocations=10 (full 0):
 garbage-first heap   total 75776K, used 62226K [0x0000000701c00000, 0x0000000800000000)
  region size 2048K, 18 young (36864K), 2 survivors (4096K)
 Metaspace       used 48955K, committed 49472K, reserved 1114112K
  class space    used 6182K, committed 6400K, reserved 1048576K
}
Event: 5.813 GC heap after
{Heap after GC invocations=11 (full 0):
 garbage-first heap   total 75776K, used 34206K [0x0000000701c00000, 0x0000000800000000)
  region size 2048K, 3 young (6144K), 3 survivors (6144K)
 Metaspace       used 48955K, committed 49472K, reserved 1114112K
  class space    used 6182K, committed 6400K, reserved 1048576K
}
Event: 6.306 GC heap before
{Heap before GC invocations=11 (full 0):
 garbage-first heap   total 75776K, used 62878K [0x0000000701c00000, 0x0000000800000000)
  region size 2048K, 17 young (34816K), 3 survivors (6144K)
 Metaspace       used 54771K, committed 55296K, reserved 1114112K
  class space    used 7125K, committed 7360K, reserved 1048576K
}
Event: 6.318 GC heap after
{Heap after GC invocations=12 (full 0):
 garbage-first heap   total 92160K, used 36082K [0x0000000701c00000, 0x0000000800000000)
  region size 2048K, 1 young (2048K), 1 survivors (2048K)
 Metaspace       used 54771K, committed 55296K, reserved 1114112K
  class space    used 7125K, committed 7360K, reserved 1048576K
}
Event: 6.541 GC heap before
{Heap before GC invocations=12 (full 0):
 garbage-first heap   total 92160K, used 79090K [0x0000000701c00000, 0x0000000800000000)
  region size 2048K, 22 young (45056K), 1 survivors (2048K)
 Metaspace       used 55354K, committed 55872K, reserved 1114112K
  class space    used 7164K, committed 7424K, reserved 1048576K
}
Event: 6.544 GC heap after
{Heap after GC invocations=13 (full 0):
 garbage-first heap   total 92160K, used 36046K [0x0000000701c00000, 0x0000000800000000)
  region size 2048K, 1 young (2048K), 1 survivors (2048K)
 Metaspace       used 55354K, committed 55872K, reserved 1114112K
  class space    used 7164K, committed 7424K, reserved 1048576K
}
Event: 6.707 GC heap before
{Heap before GC invocations=13 (full 0):
 garbage-first heap   total 92160K, used 81102K [0x0000000701c00000, 0x0000000800000000)
  region size 2048K, 23 young (47104K), 1 survivors (2048K)
 Metaspace       used 55729K, committed 56192K, reserved 1114112K
  class space    used 7196K, committed 7424K, reserved 1048576K
}
Event: 6.710 GC heap after
{Heap after GC invocations=14 (full 0):
 garbage-first heap   total 92160K, used 36871K [0x0000000701c00000, 0x0000000800000000)
  region size 2048K, 2 young (4096K), 2 survivors (4096K)
 Metaspace       used 55729K, committed 56192K, reserved 1114112K
  class space    used 7196K, committed 7424K, reserved 1048576K
}
Event: 6.857 GC heap before
{Heap before GC invocations=14 (full 0):
 garbage-first heap   total 92160K, used 79879K [0x0000000701c00000, 0x0000000800000000)
  region size 2048K, 23 young (47104K), 2 survivors (4096K)
 Metaspace       used 56150K, committed 56704K, reserved 1114112K
  class space    used 7227K, committed 7488K, reserved 1048576K
}
Event: 6.862 GC heap after
{Heap after GC invocations=15 (full 0):
 garbage-first heap   total 92160K, used 37514K [0x0000000701c00000, 0x0000000800000000)
  region size 2048K, 2 young (4096K), 2 survivors (4096K)
 Metaspace       used 56150K, committed 56704K, reserved 1114112K
  class space    used 7227K, committed 7488K, reserved 1048576K
}
Event: 7.211 GC heap before
{Heap before GC invocations=15 (full 0):
 garbage-first heap   total 92160K, used 57994K [0x0000000701c00000, 0x0000000800000000)
  region size 2048K, 13 young (26624K), 2 survivors (4096K)
 Metaspace       used 59609K, committed 60096K, reserved 1114112K
  class space    used 7665K, committed 7872K, reserved 1048576K
}
Event: 7.220 GC heap after
{Heap after GC invocations=16 (full 0):
 garbage-first heap   total 110592K, used 40160K [0x0000000701c00000, 0x0000000800000000)
  region size 2048K, 3 young (6144K), 3 survivors (6144K)
 Metaspace       used 59609K, committed 60096K, reserved 1114112K
  class space    used 7665K, committed 7872K, reserved 1048576K
}
Event: 8.083 GC heap before
{Heap before GC invocations=17 (full 0):
 garbage-first heap   total 110592K, used 95456K [0x0000000701c00000, 0x0000000800000000)
  region size 2048K, 30 young (61440K), 3 survivors (6144K)
 Metaspace       used 65535K, committed 66240K, reserved 1114112K
  class space    used 8367K, committed 8704K, reserved 1048576K
}
Event: 8.092 GC heap after
{Heap after GC invocations=18 (full 0):
 garbage-first heap   total 110592K, used 44100K [0x0000000701c00000, 0x0000000800000000)
  region size 2048K, 4 young (8192K), 4 survivors (8192K)
 Metaspace       used 65535K, committed 66240K, reserved 1114112K
  class space    used 8367K, committed 8704K, reserved 1048576K
}
Event: 215.135 GC heap before
{Heap before GC invocations=18 (full 0):
 garbage-first heap   total 110592K, used 91204K [0x0000000701c00000, 0x0000000800000000)
  region size 2048K, 28 young (57344K), 4 survivors (8192K)
 Metaspace       used 74875K, committed 75584K, reserved 1179648K
  class space    used 9680K, committed 9984K, reserved 1048576K
}
Event: 215.148 GC heap after
{Heap after GC invocations=19 (full 0):
 garbage-first heap   total 110592K, used 48005K [0x0000000701c00000, 0x0000000800000000)
  region size 2048K, 4 young (8192K), 4 survivors (8192K)
 Metaspace       used 74875K, committed 75584K, reserved 1179648K
  class space    used 9680K, committed 9984K, reserved 1048576K
}

Dll operation events (14 events):
Event: 0.011 Loaded shared library C:\Program Files\Java\jdk-21\bin\java.dll
Event: 0.055 Loaded shared library C:\Program Files\Java\jdk-21\bin\jsvml.dll
Event: 0.155 Loaded shared library C:\Program Files\Java\jdk-21\bin\zip.dll
Event: 0.158 Loaded shared library C:\Program Files\Java\jdk-21\bin\instrument.dll
Event: 0.162 Loaded shared library C:\Program Files\Java\jdk-21\bin\net.dll
Event: 0.164 Loaded shared library C:\Program Files\Java\jdk-21\bin\nio.dll
Event: 0.166 Loaded shared library C:\Program Files\Java\jdk-21\bin\zip.dll
Event: 0.301 Loaded shared library C:\Program Files\JetBrains\IntelliJ IDEA Community Edition 2023.2.1\bin\breakgen64.dll
Event: 0.310 Loaded shared library C:\Program Files\Java\jdk-21\bin\extnet.dll
Event: 0.339 Loaded shared library C:\Program Files\Java\jdk-21\bin\jimage.dll
Event: 4.670 Loaded shared library C:\Program Files\Java\jdk-21\bin\verify.dll
Event: 7.966 Loaded shared library C:\Program Files\Java\jdk-21\bin\sunmscapi.dll
Event: 8.098 Loaded shared library C:\Program Files\Java\jdk-21\bin\management.dll
Event: 8.100 Loaded shared library C:\Program Files\Java\jdk-21\bin\management_ext.dll

Deoptimization events (20 events):
Event: 215.058 Thread 0x00000270fe186de0 DEOPT PACKING pc=0x00000270e88cd384 sp=0x000000f0cccfb3c0
Event: 215.058 Thread 0x00000270fe186de0 DEOPT UNPACKING pc=0x00000270e7eb46a2 sp=0x000000f0cccfb360 mode 2
Event: 215.058 Thread 0x00000270fe186de0 Uncommon trap: trap_request=0xffffffc6 fr.pc=0x00000270e88cd384 relative=0x0000000000000424
Event: 215.058 Thread 0x00000270fe186de0 Uncommon trap: reason=bimorphic_or_optimized_type_check action=maybe_recompile pc=0x00000270e88cd384 method=java.util.ImmutableCollections$MapN.probe(Ljava/lang/Object;)I @ 1 c2
Event: 215.058 Thread 0x00000270fe186de0 DEOPT PACKING pc=0x00000270e88cd384 sp=0x000000f0cccfb3c0
Event: 215.058 Thread 0x00000270fe186de0 DEOPT UNPACKING pc=0x00000270e7eb46a2 sp=0x000000f0cccfb360 mode 2
Event: 215.058 Thread 0x00000270fe186de0 Uncommon trap: trap_request=0xffffffc6 fr.pc=0x00000270e88cd384 relative=0x0000000000000424
Event: 215.058 Thread 0x00000270fe186de0 Uncommon trap: reason=bimorphic_or_optimized_type_check action=maybe_recompile pc=0x00000270e88cd384 method=java.util.ImmutableCollections$MapN.probe(Ljava/lang/Object;)I @ 1 c2
Event: 215.058 Thread 0x00000270fe186de0 DEOPT PACKING pc=0x00000270e88cd384 sp=0x000000f0cccfb3c0
Event: 215.058 Thread 0x00000270fe186de0 DEOPT UNPACKING pc=0x00000270e7eb46a2 sp=0x000000f0cccfb360 mode 2
Event: 215.059 Thread 0x00000270fe186de0 Uncommon trap: trap_request=0xffffffc6 fr.pc=0x00000270e85a28b8 relative=0x0000000000000eb8
Event: 215.059 Thread 0x00000270fe186de0 Uncommon trap: reason=bimorphic_or_optimized_type_check action=maybe_recompile pc=0x00000270e85a28b8 method=java.util.stream.ReferencePipeline.collect(Ljava/util/stream/Collector;)Ljava/lang/Object; @ 118 c2
Event: 215.059 Thread 0x00000270fe186de0 DEOPT PACKING pc=0x00000270e85a28b8 sp=0x000000f0cccfb770
Event: 215.059 Thread 0x00000270fe186de0 DEOPT UNPACKING pc=0x00000270e7eb46a2 sp=0x000000f0cccfb748 mode 2
Event: 215.085 Thread 0x00000270fe186de0 DEOPT PACKING pc=0x00000270e1067407 sp=0x000000f0cccf5920
Event: 215.085 Thread 0x00000270fe186de0 DEOPT UNPACKING pc=0x00000270e7eb4e42 sp=0x000000f0cccf4ec0 mode 0
Event: 215.097 Thread 0x00000270fe186de0 Uncommon trap: trap_request=0xffffff45 fr.pc=0x00000270e84e36dc relative=0x0000000000000adc
Event: 215.097 Thread 0x00000270fe186de0 Uncommon trap: reason=unstable_if action=reinterpret pc=0x00000270e84e36dc method=org.springframework.core.type.classreading.SimpleAnnotationMetadataReadingVisitor.isBridge(I)Z @ 4 c2
Event: 215.097 Thread 0x00000270fe186de0 DEOPT PACKING pc=0x00000270e84e36dc sp=0x000000f0cccf4930
Event: 215.098 Thread 0x00000270fe186de0 DEOPT UNPACKING pc=0x00000270e7eb46a2 sp=0x000000f0cccf48d8 mode 2

Classes loaded (20 events):
Event: 214.841 Loading class java/util/concurrent/locks/ReentrantReadWriteLock$Sync done
Event: 214.841 Loading class java/util/concurrent/locks/ReentrantReadWriteLock$NonfairSync done
Event: 214.841 Loading class java/util/concurrent/locks/ReentrantReadWriteLock$Sync$ThreadLocalHoldCounter
Event: 214.841 Loading class java/util/concurrent/locks/ReentrantReadWriteLock$Sync$ThreadLocalHoldCounter done
Event: 214.841 Loading class java/util/concurrent/locks/ReentrantReadWriteLock$ReadLock
Event: 214.841 Loading class java/util/concurrent/locks/ReentrantReadWriteLock$ReadLock done
Event: 214.841 Loading class java/util/concurrent/locks/ReentrantReadWriteLock$WriteLock
Event: 214.841 Loading class java/util/concurrent/locks/ReentrantReadWriteLock$WriteLock done
Event: 214.851 Loading class java/util/regex/PatternSyntaxException
Event: 214.851 Loading class java/util/regex/PatternSyntaxException done
Event: 214.854 Loading class java/util/Comparators$NullComparator
Event: 214.854 Loading class java/util/Comparators$NullComparator done
Event: 215.049 Loading class java/util/HashMap$EntrySpliterator
Event: 215.049 Loading class java/util/HashMap$EntrySpliterator done
Event: 215.225 Loading class java/util/EnumMap$EntrySet
Event: 215.225 Loading class java/util/EnumMap$EntrySet done
Event: 215.225 Loading class java/util/EnumMap$EntryIterator
Event: 215.225 Loading class java/util/EnumMap$EnumMapIterator
Event: 215.225 Loading class java/util/EnumMap$EnumMapIterator done
Event: 215.225 Loading class java/util/EnumMap$EntryIterator done

Classes unloaded (0 events):
No events

Classes redefined (0 events):
No events

Internal exceptions (20 events):
Event: 7.792 Thread 0x00000270d84da720 Exception <a 'java/lang/NoSuchMethodError'{0x0000000706153140}: 'java.lang.Object java.lang.invoke.DirectMethodHandle$Holder.invokeVirtual(java.lang.Object, java.lang.Object, java.lang.Object, java.lang.Object, java.lang.Object, java.lang.Object)'> (0x0000000706153140) 
thrown [s\open\src\hotspot\share\interpreter\linkResolver.cpp, line 773]
Event: 7.809 Thread 0x00000270d84da720 Exception <a 'java/lang/NoSuchMethodError'{0x0000000705876f08}: 'java.lang.Object java.lang.invoke.DirectMethodHandle$Holder.invokeVirtual(java.lang.Object, java.lang.Object, java.lang.Object, java.lang.Object, java.lang.Object, java.lang.Object, java.lang.Object)'> (0x0000000705876f08) 
thrown [s\open\src\hotspot\share\interpreter\linkResolver.cpp, line 773]
Event: 7.812 Thread 0x00000270d84da720 Implicit null exception at 0x00000270e8622364 to 0x00000270e8622ab8
Event: 7.835 Thread 0x00000270d84da720 Exception <a 'java/lang/NoSuchMethodError'{0x000000070563f220}: 'java.lang.Object java.lang.invoke.DirectMethodHandle$Holder.invokeVirtual(java.lang.Object, java.lang.Object, java.lang.Object, java.lang.Object, java.lang.Object, java.lang.Object, java.lang.Object, java.lang.Object, java.lang.Object)'> (0x000000070563f220) 
thrown [s\open\src\hotspot\share\interpreter\linkResolver.cpp, line 773]
Event: 7.882 Thread 0x00000270d84da720 Exception <a 'java/lang/NoSuchMethodError'{0x00000007057facb0}: 'java.lang.Object java.lang.invoke.DirectMethodHandle$Holder.invokeVirtual(java.lang.Object, java.lang.Object, java.lang.Object, java.lang.Object, java.lang.Object, java.lang.Object, java.lang.Object, java.lang.Object, java.lang.Object, java.lang.Object)'> (0x00000007057facb0) 
thrown [s\open\src\hotspot\share\interpreter\linkResolver.cpp, line 773]
Event: 7.934 Thread 0x00000270d84da720 Exception <a 'java/lang/NoSuchMethodError'{0x0000000705377b60}: 'java.lang.Object java.lang.invoke.DirectMethodHandle$Holder.newInvokeSpecial(java.lang.Object, java.lang.Object, int, java.lang.Object, java.lang.Object)'> (0x0000000705377b60) 
thrown [s\open\src\hotspot\share\interpreter\linkResolver.cpp, line 773]
Event: 7.935 Thread 0x00000270d84da720 Exception <a 'java/lang/NoSuchMethodError'{0x0000000705382a10}: 'java.lang.Object java.lang.invoke.DirectMethodHandle$Holder.invokeSpecial(java.lang.Object, java.lang.Object, int, java.lang.Object, int, java.lang.Object)'> (0x0000000705382a10) 
thrown [s\open\src\hotspot\share\interpreter\linkResolver.cpp, line 773]
Event: 7.935 Thread 0x00000270d84da720 Exception <a 'java/lang/NoSuchMethodError'{0x0000000705389bc0}: 'java.lang.Object java.lang.invoke.DirectMethodHandle$Holder.newInvokeSpecial(java.lang.Object, java.lang.Object, int, java.lang.Object, int)'> (0x0000000705389bc0) 
thrown [s\open\src\hotspot\share\interpreter\linkResolver.cpp, line 773]
Event: 7.935 Thread 0x00000270d84da720 Exception <a 'java/lang/NoSuchMethodError'{0x000000070538da30}: 'java.lang.Object java.lang.invoke.DirectMethodHandle$Holder.invokeSpecial(java.lang.Object, java.lang.Object, java.lang.Object, int, java.lang.Object, int)'> (0x000000070538da30) 
thrown [s\open\src\hotspot\share\interpreter\linkResolver.cpp, line 773]
Event: 7.984 Thread 0x00000270d84da720 Exception <a 'java/lang/UnsatisfiedLinkError'{0x000000070511ad28}: 'int io.netty.channel.epoll.Native.offsetofEpollData()'> (0x000000070511ad28) 
thrown [s\open\src\hotspot\share\prims\nativeLookup.cpp, line 415]
Event: 7.985 Thread 0x00000270d84da720 Exception <a 'java/lang/ExceptionInInitializerError'{0x000000070511d4c8}> (0x000000070511d4c8) 
thrown [s\open\src\hotspot\share\oops\instanceKlass.cpp, line 1185]
Event: 8.020 Thread 0x00000270d84da720 Exception <a 'java/lang/NoSuchMethodError'{0x0000000704e97988}: 'long java.lang.invoke.DelegatingMethodHandle$Holder.reinvoke_L(java.lang.Object, java.lang.Object)'> (0x0000000704e97988) 
thrown [s\open\src\hotspot\share\interpreter\linkResolver.cpp, line 773]
Event: 8.065 Thread 0x00000270d84da720 Exception <a 'java/lang/IncompatibleClassChangeError'{0x0000000704c6fea0}: Found class java.lang.Object, but interface was expected> (0x0000000704c6fea0) 
thrown [s\open\src\hotspot\share\interpreter\linkResolver.cpp, line 840]
Event: 8.066 Thread 0x00000270d84da720 Exception <a 'java/lang/IncompatibleClassChangeError'{0x0000000704c741c8}: Found class java.lang.Object, but interface was expected> (0x0000000704c741c8) 
thrown [s\open\src\hotspot\share\interpreter\linkResolver.cpp, line 840]
Event: 8.209 Thread 0x00000270fe185a30 Exception <a 'java/lang/NoSuchMethodError'{0x000000070c7865c8}: 'java.lang.Object java.lang.invoke.DirectMethodHandle$Holder.invokeInterface(java.lang.Object, java.lang.Object, java.lang.Object, java.lang.Object)'> (0x000000070c7865c8) 
thrown [s\open\src\hotspot\share\interpreter\linkResolver.cpp, line 773]
Event: 8.605 Thread 0x00000270fe185a30 Exception <a 'java/lang/NoSuchMethodError'{0x0000000706c6cda0}: 'void java.lang.invoke.DirectMethodHandle$Holder.invokeSpecialIFC(java.lang.Object, java.lang.Object, int, java.lang.Object, java.lang.Object, java.lang.Object, java.lang.Object)'> (0x0000000706c6cda0) 
thrown [s\open\src\hotspot\share\interpreter\linkResolver.cpp, line 773]
Event: 214.791 Thread 0x00000270fe188eb0 Exception <a 'java/lang/NoSuchMethodError'{0x0000000706718c00}: 'void java.lang.invoke.DirectMethodHandle$Holder.invokeStatic(java.lang.Object, int)'> (0x0000000706718c00) 
thrown [s\open\src\hotspot\share\interpreter\linkResolver.cpp, line 773]
Event: 214.791 Thread 0x00000270fe188eb0 Exception <a 'java/lang/NoSuchMethodError'{0x000000070671c068}: 'void java.lang.invoke.DirectMethodHandle$Holder.invokeStaticInit(java.lang.Object, int)'> (0x000000070671c068) 
thrown [s\open\src\hotspot\share\interpreter\linkResolver.cpp, line 773]
Event: 214.792 Thread 0x00000270fe186de0 Exception <a 'java/lang/NoSuchMethodError'{0x00000007066837f0}: 'void java.lang.invoke.DirectMethodHandle$Holder.invokeSpecial(java.lang.Object, java.lang.Object, int)'> (0x00000007066837f0) 
thrown [s\open\src\hotspot\share\interpreter\linkResolver.cpp, line 773]
Event: 214.792 Thread 0x00000270fe188eb0 Exception <a 'java/lang/NoSuchMethodError'{0x0000000706721340}: 'void java.lang.invoke.DirectMethodHandle$Holder.invokeSpecial(java.lang.Object, java.lang.Object, int)'> (0x0000000706721340) 
thrown [s\open\src\hotspot\share\interpreter\linkResolver.cpp, line 773]

ZGC Phase Switch (0 events):
No events

VM Operations (20 events):
Event: 8.509 Executing VM operation: HandshakeAllThreads (Deoptimize)
Event: 8.509 Executing VM operation: HandshakeAllThreads (Deoptimize) done
Event: 8.521 Executing VM operation: ICBufferFull
Event: 8.521 Executing VM operation: ICBufferFull done
Event: 8.524 Executing VM operation: HandshakeAllThreads (Deoptimize)
Event: 8.524 Executing VM operation: HandshakeAllThreads (Deoptimize) done
Event: 8.595 Executing VM operation: HandshakeAllThreads (Deoptimize)
Event: 8.595 Executing VM operation: HandshakeAllThreads (Deoptimize) done
Event: 9.609 Executing VM operation: Cleanup
Event: 9.609 Executing VM operation: Cleanup done
Event: 60.255 Executing VM operation: HandshakeAllThreads (HandshakeForDeflation)
Event: 60.255 Executing VM operation: HandshakeAllThreads (HandshakeForDeflation) done
Event: 60.255 Executing VM operation: RendezvousGCThreads
Event: 60.255 Executing VM operation: RendezvousGCThreads done
Event: 214.713 Executing VM operation: Cleanup
Event: 214.736 Executing VM operation: Cleanup done
Event: 214.835 Executing VM operation: HandshakeAllThreads (Deoptimize)
Event: 214.835 Executing VM operation: HandshakeAllThreads (Deoptimize) done
Event: 215.135 Executing VM operation: G1CollectForAllocation (G1 Evacuation Pause)
Event: 215.148 Executing VM operation: G1CollectForAllocation (G1 Evacuation Pause) done

Events (20 events):
Event: 7.281 Thread 0x00000270f6c676f0 flushing nmethod 0x00000270e851df10
Event: 7.281 Thread 0x00000270f6c676f0 flushing nmethod 0x00000270e84dee10
Event: 7.281 Thread 0x00000270f6c676f0 flushing nmethod 0x00000270e84de010
Event: 7.281 Thread 0x00000270f6c676f0 flushing nmethod 0x00000270e84cdb10
Event: 7.281 Thread 0x00000270f6c676f0 flushing nmethod 0x00000270e84afa90
Event: 7.281 Thread 0x00000270f6c676f0 flushing nmethod 0x00000270e84a0f90
Event: 7.281 Thread 0x00000270f6c676f0 flushing nmethod 0x00000270e846c610
Event: 7.281 Thread 0x00000270f6c676f0 flushing nmethod 0x00000270e846e490
Event: 7.281 Thread 0x00000270f6c676f0 flushing nmethod 0x00000270e8461390
Event: 7.281 Thread 0x00000270f6c676f0 flushing nmethod 0x00000270e8419a90
Event: 8.059 Thread 0x00000270fdfa4480 Thread added: 0x00000270fdfa4480
Event: 8.066 Thread 0x00000270fdfa4b10 Thread added: 0x00000270fdfa4b10
Event: 8.095 Thread 0x00000270fe185a30 Thread added: 0x00000270fe185a30
Event: 8.109 Thread 0x00000270d84da720 Thread exited: 0x00000270d84da720
Event: 8.109 Thread 0x00000270fe187470 Thread added: 0x00000270fe187470
Event: 9.579 Thread 0x00000270fdfa5ec0 Thread exited: 0x00000270fdfa5ec0
Event: 13.860 Thread 0x00000270fe5bed60 Thread exited: 0x00000270fe5bed60
Event: 214.448 Thread 0x00000270fe188eb0 Thread added: 0x00000270fe188eb0
Event: 214.449 Thread 0x00000270fe186de0 Thread added: 0x00000270fe186de0
Event: 214.819 Thread 0x00000270ff0f98e0 Thread added: 0x00000270ff0f98e0


Dynamic libraries:
0x00007ff7f0660000 - 0x00007ff7f0670000 	C:\Program Files\Java\jdk-21\bin\java.exe
0x00007ffdac950000 - 0x00007ffdacb48000 	C:\Windows\SYSTEM32\ntdll.dll
0x00007ffdac0d0000 - 0x00007ffdac18f000 	C:\Windows\System32\KERNEL32.DLL
0x00007ffdaa480000 - 0x00007ffdaa776000 	C:\Windows\System32\KERNELBASE.dll
0x00007ffdaa820000 - 0x00007ffdaa920000 	C:\Windows\System32\ucrtbase.dll
0x00007ffd81260000 - 0x00007ffd8127b000 	C:\Program Files\Java\jdk-21\bin\VCRUNTIME140.dll
0x00007ffd94490000 - 0x00007ffd944a9000 	C:\Program Files\Java\jdk-21\bin\jli.dll
0x00007ffdaabd0000 - 0x00007ffdaac7f000 	C:\Windows\System32\ADVAPI32.dll
0x00007ffdabd20000 - 0x00007ffdabdbe000 	C:\Windows\System32\msvcrt.dll
0x00007ffdabef0000 - 0x00007ffdabf8c000 	C:\Windows\System32\sechost.dll
0x00007ffdac340000 - 0x00007ffdac466000 	C:\Windows\System32\RPCRT4.dll
0x00007ffdaaa30000 - 0x00007ffdaabcd000 	C:\Windows\System32\USER32.dll
0x00007ffdaa0e0000 - 0x00007ffdaa102000 	C:\Windows\System32\win32u.dll
0x00007ffdac650000 - 0x00007ffdac67c000 	C:\Windows\System32\GDI32.dll
0x00007ffdaa360000 - 0x00007ffdaa475000 	C:\Windows\System32\gdi32full.dll
0x00007ffdaa780000 - 0x00007ffdaa81d000 	C:\Windows\System32\msvcp_win.dll
0x00007ffd83220000 - 0x00007ffd834ba000 	C:\Windows\WinSxS\amd64_microsoft.windows.common-controls_6595b64144ccf1df_6.0.19041.1110_none_60b5254171f9507e\COMCTL32.dll
0x00007ffda4cb0000 - 0x00007ffda4cba000 	C:\Windows\SYSTEM32\VERSION.dll
0x00007ffdabcf0000 - 0x00007ffdabd20000 	C:\Windows\System32\IMM32.DLL
0x00007ffd99130000 - 0x00007ffd9913c000 	C:\Program Files\Java\jdk-21\bin\vcruntime140_1.dll
0x00007ffd7e750000 - 0x00007ffd7e7de000 	C:\Program Files\Java\jdk-21\bin\msvcp140.dll
0x00007ffd13b90000 - 0x00007ffd148a3000 	C:\Program Files\Java\jdk-21\bin\server\jvm.dll
0x00007ffdac8a0000 - 0x00007ffdac90b000 	C:\Windows\System32\WS2_32.dll
0x00007ffda9a30000 - 0x00007ffda9a7b000 	C:\Windows\SYSTEM32\POWRPROF.dll
0x00007ffd963c0000 - 0x00007ffd963e7000 	C:\Windows\SYSTEM32\WINMM.dll
0x00007ffda9a10000 - 0x00007ffda9a22000 	C:\Windows\SYSTEM32\UMPDC.dll
0x00007ffda7f00000 - 0x00007ffda7f12000 	C:\Windows\SYSTEM32\kernel.appcore.dll
0x00007ffd81250000 - 0x00007ffd8125a000 	C:\Program Files\Java\jdk-21\bin\jimage.dll
0x00007ffd96620000 - 0x00007ffd96804000 	C:\Windows\SYSTEM32\DBGHELP.DLL
0x00007ffd96350000 - 0x00007ffd96384000 	C:\Windows\SYSTEM32\dbgcore.DLL
0x00007ffdaa920000 - 0x00007ffdaa9a2000 	C:\Windows\System32\bcryptPrimitives.dll
0x00007ffda5bd0000 - 0x00007ffda5bdf000 	C:\Program Files\Java\jdk-21\bin\instrument.dll
0x00007ffd81230000 - 0x00007ffd8124f000 	C:\Program Files\Java\jdk-21\bin\java.dll
0x00007ffdab5a0000 - 0x00007ffdabce4000 	C:\Windows\System32\SHELL32.dll
0x00007ffda8100000 - 0x00007ffda8893000 	C:\Windows\SYSTEM32\windows.storage.dll
0x00007ffdab150000 - 0x00007ffdab4a4000 	C:\Windows\System32\combase.dll
0x00007ffda9a80000 - 0x00007ffda9aae000 	C:\Windows\SYSTEM32\Wldp.dll
0x00007ffdac680000 - 0x00007ffdac72d000 	C:\Windows\System32\SHCORE.dll
0x00007ffdaa9d0000 - 0x00007ffdaaa25000 	C:\Windows\System32\shlwapi.dll
0x00007ffda9f70000 - 0x00007ffda9f8f000 	C:\Windows\SYSTEM32\profapi.dll
0x00007ffd7dd80000 - 0x00007ffd7de57000 	C:\Program Files\Java\jdk-21\bin\jsvml.dll
0x00007ffd80850000 - 0x00007ffd80868000 	C:\Program Files\Java\jdk-21\bin\zip.dll
0x00007ffd80890000 - 0x00007ffd808a0000 	C:\Program Files\Java\jdk-21\bin\net.dll
0x00007ffda24f0000 - 0x00007ffda25fa000 	C:\Windows\SYSTEM32\WINHTTP.dll
0x00007ffda9770000 - 0x00007ffda97da000 	C:\Windows\system32\mswsock.dll
0x00007ffd80870000 - 0x00007ffd80886000 	C:\Program Files\Java\jdk-21\bin\nio.dll
0x00007ffd7e6f0000 - 0x00007ffd7e70a000 	C:\Program Files\JetBrains\IntelliJ IDEA Community Edition 2023.2.1\bin\breakgen64.dll
0x00007ffd80840000 - 0x00007ffd80847000 	C:\Program Files\Java\jdk-21\bin\extnet.dll
0x00007ffda9430000 - 0x00007ffda94fa000 	C:\Windows\SYSTEM32\DNSAPI.dll
0x00007ffda93f0000 - 0x00007ffda942c000 	C:\Windows\SYSTEM32\IPHLPAPI.DLL
0x00007ffdac0c0000 - 0x00007ffdac0c8000 	C:\Windows\System32\NSI.dll
0x00007ffd9b050000 - 0x00007ffd9b05a000 	C:\Windows\System32\rasadhlp.dll
0x00007ffd9b690000 - 0x00007ffd9b712000 	C:\Windows\System32\fwpuclnt.dll
0x00007ffdaa330000 - 0x00007ffdaa357000 	C:\Windows\System32\bcrypt.dll
0x00007ffda9960000 - 0x00007ffda9978000 	C:\Windows\SYSTEM32\CRYPTSP.dll
0x00007ffda9020000 - 0x00007ffda9054000 	C:\Windows\system32\rsaenh.dll
0x00007ffda9ef0000 - 0x00007ffda9f1e000 	C:\Windows\SYSTEM32\USERENV.dll
0x00007ffda9980000 - 0x00007ffda998c000 	C:\Windows\SYSTEM32\CRYPTBASE.dll
0x00007ffd7e730000 - 0x00007ffd7e740000 	C:\Program Files\Java\jdk-21\bin\verify.dll
0x00007ffd9fb40000 - 0x00007ffd9fb4e000 	C:\Program Files\Java\jdk-21\bin\sunmscapi.dll
0x00007ffdaa110000 - 0x00007ffdaa26e000 	C:\Windows\System32\CRYPT32.dll
0x00007ffda9af0000 - 0x00007ffda9b18000 	C:\Windows\SYSTEM32\ncrypt.dll
0x00007ffda9ab0000 - 0x00007ffda9aeb000 	C:\Windows\SYSTEM32\NTASN1.dll
0x00007ffd45b50000 - 0x00007ffd45b57000 	C:\Windows\system32\wshunix.dll
0x00007ffd9fb60000 - 0x00007ffd9fb6a000 	C:\Program Files\Java\jdk-21\bin\management.dll
0x00007ffd9fb50000 - 0x00007ffd9fb5b000 	C:\Program Files\Java\jdk-21\bin\management_ext.dll
0x00007ffdab590000 - 0x00007ffdab598000 	C:\Windows\System32\PSAPI.DLL

dbghelp: loaded successfully - version: 4.0.5 - missing functions: none
symbol engine: initialized successfully - sym options: 0x614 - pdb path: .;C:\Program Files\Java\jdk-21\bin;C:\Windows\SYSTEM32;C:\Windows\WinSxS\amd64_microsoft.windows.common-controls_6595b64144ccf1df_6.0.19041.1110_none_60b5254171f9507e;C:\Program Files\Java\jdk-21\bin\server;C:\Program Files\JetBrains\IntelliJ IDEA Community Edition 2023.2.1\bin

VM Arguments:
jvm_args: -javaagent:C:\Program Files\JetBrains\IntelliJ IDEA Community Edition 2023.2.1\lib\idea_rt.jar=58333:C:\Program Files\JetBrains\IntelliJ IDEA Community Edition 2023.2.1\bin -Dfile.encoding=UTF-8 -Dsun.stdout.encoding=UTF-8 -Dsun.stderr.encoding=UTF-8 
java_command: cv.api.InventoryApiApplication
java_class_path (initial): E:\WORKSPACE\core-inventory-api\target\classes;C:\Users\DELL\.m2\repository\org\springframework\boot\spring-boot-starter-security\3.1.5\spring-boot-starter-security-3.1.5.jar;C:\Users\DELL\.m2\repository\org\springframework\boot\spring-boot-starter\3.1.5\spring-boot-starter-3.1.5.jar;C:\Users\DELL\.m2\repository\org\springframework\boot\spring-boot\3.1.5\spring-boot-3.1.5.jar;C:\Users\DELL\.m2\repository\org\springframework\boot\spring-boot-autoconfigure\3.1.5\spring-boot-autoconfigure-3.1.5.jar;C:\Users\DELL\.m2\repository\org\springframework\boot\spring-boot-starter-logging\3.1.5\spring-boot-starter-logging-3.1.5.jar;C:\Users\DELL\.m2\repository\ch\qos\logback\logback-classic\1.4.11\logback-classic-1.4.11.jar;C:\Users\DELL\.m2\repository\ch\qos\logback\logback-core\1.4.11\logback-core-1.4.11.jar;C:\Users\DELL\.m2\repository\org\apache\logging\log4j\log4j-to-slf4j\2.20.0\log4j-to-slf4j-2.20.0.jar;C:\Users\DELL\.m2\repository\org\apache\logging\log4j\log4j-api\2.20.0\log4j-api-2.20.0.jar;C:\Users\DELL\.m2\repository\org\slf4j\jul-to-slf4j\2.0.9\jul-to-slf4j-2.0.9.jar;C:\Users\DELL\.m2\repository\jakarta\annotation\jakarta.annotation-api\2.1.1\jakarta.annotation-api-2.1.1.jar;C:\Users\DELL\.m2\repository\org\yaml\snakeyaml\1.33\snakeyaml-1.33.jar;C:\Users\DELL\.m2\repository\org\springframework\spring-aop\6.0.13\spring-aop-6.0.13.jar;C:\Users\DELL\.m2\repository\org\springframework\spring-beans\6.0.13\spring-beans-6.0.13.jar;C:\Users\DELL\.m2\repository\org\springframework\security\spring-security-config\6.1.5\spring-security-config-6.1.5.jar;C:\Users\DELL\.m2\repository\org\springframework\security\spring-security-core\6.1.5\spring-security-core-6.1.5.jar;C:\Users\DELL\.m2\repository\org\springframework\security\spring-security-crypto\6.1.5\spring-security-crypto-6.1.5.jar;C:\Users\DELL\.m2\repository\org\springframework\spring-context\6.0.13\spring-context-6.0.13.jar;C:\Users\DELL\.m2\repository\org\springframework\security\spring-security-web\6.1.5\spring-security-web-6.1.5.jar;C:\Users\DELL\.m2\repository\org\springframework\spring-expression\6.0.13\spring-expression-6.0.13.jar;C:\Users\DELL\.m2\repository\org\springframework\boot\spring-boot-starter-data-jpa\3.1.5\spring-boot-starter-data-jpa-3.1.5.jar;C:\Users\DELL\.m2\repository\org\springframework\boot\spring-boot-starter-aop\3.1.5\spring-boot-starter-aop-3.1.5.jar;C:\Users\DELL\.m2\repository\org\aspectj\aspectjweaver\1.9.20\aspectjweaver-1.9.20.jar;C:\Users\DELL\.m2\repository\org\springframework\boot\spring-boot-starter-jdbc\3.1.5\spring-boot-starter-jdbc-3.1.5.jar;C:\Users\DELL\.m2\repository\org\springframework\spring-jdbc\6.0.13\spring-jdbc-6.0.13.jar;C:\Users\DELL\.m2\repository\org\hibernate\orm\hibernate-core\6.2.13.Final\hibernate-core-6.2.13.Final.jar;C:\Users\DELL\.m2\repository\jakarta\persistence\jakarta.persistence-api\3.1.0\jakarta.persistence-api-3.1.0.jar;C:\Users\DELL\.m2\repository\jakarta\transaction\jakarta.transaction-api\2.0.1\jakarta.transaction-api-2.0.1.jar;C:\Users\DELL\.m2\repository\org\jboss\logging\jboss-logging\3.5.3.Final\jboss-logging-3.5.3.Final.jar;C:\Users\DELL\.m2\repository\org\hibernate\common\hibernate-commons-annotations\6.0.6.Final\hibernate-commons-annotations-6.0.6.Final.jar;C:\Users\DELL\.m2\repository\io\smallrye\jandex\3.0.5\jandex-3.0.5.jar;C:\Users\DELL\.m2\repository\com\fasterxml\classmate\1.5.1\classmate-1.5.1.jar;C:\Users\DELL\.m2\repository\net\bytebuddy\byte-buddy\1.14.9\byte-buddy-1.14.9.jar;C:\Users\DELL\.m2\repository\org\glassfish\jaxb\jaxb-runtime\4.0.3\jaxb-runtime-4.0.3.jar;C:\Users\DELL\.m2\repository\org\glassfish\jaxb\jaxb-core\4.0.3\jaxb-core-4.0.3.jar;C:\Users\DELL\.m2\repository\org\eclipse\angus\angus-activation\2.0.1\angus-activation-2.0.1.jar;C:\Users\DELL\.m2\repository\org\glassfish\jaxb\txw2\4.0.3\txw2-4.0.3.jar;C:\Users\DELL\.m2\repository\com\sun\istack\istack-commons-runtime\4.1.2\istack-commons-runtime-4.1.2.jar;C:\Users\DELL\.m2\repository\jakarta\inject\jakarta.inject-api\2.0.1\jakarta.inject-api-2.0.1.jar;C:\Users\DELL\.m2\repository\org\antlr\antlr4-runtime\4.10.1\antlr4-runtime-4.10.1.jar;C:\Users\DELL\.m2\repository\org\springframework\data\spring-data-jpa\3.1.5\spring-data-jpa-3.1.5.jar;C:\Users\DELL\.m2\repository\org\springframework\data\spring-data-commons\3.1.5\spring-data-commons-3.1.5.jar;C:\Users\DELL\.m2\repository\org\springframework\spring-orm\6.0.13\spring-orm-6.0.13.jar;C:\Users\DELL\.m2\repository\org\springframework\spring-tx\6.0.13\spring-tx-6.0.13.jar;C:\Users\DELL\.m2\repository\org\springframework\spring-aspects\6.0.13\spring-aspects-6.0.13.jar;C:\Users\DELL\.m2\repository\org\springframework\boot\spring-boot-starter-webflux\3.1.5\spring-boot-starter-webflux-3.1.5.jar;C:\Users\DELL\.m2\repository\org\springframework\boot\spring-boot-starter-json\3.1.5\spring-boot-starter-json-3.1.5.jar;C:\Users\DELL\.m2\repository\com\fasterxml\jackson\datatype\jackson-datatype-jdk8\2.15.3\jackson-datatype-jdk8-2.15.3.jar;C:\Users\DELL\.m2\repository\com\fasterxml\jackson\datatype\jackson-datatype-jsr310\2.15.3\jackson-datatype-jsr310-2.15.3.jar;C:\Users\DELL\.m2\repository\com\fasterxml\jackson\module\jackson-module-parameter-names\2.15.3\jackson-module-parameter-names-2.15.3.jar;C:\Users\DELL\.m2\repository\org\springframework\boot\spring-boot-starter-reactor-netty\3.1.5\spring-boot-starter-reactor-netty-3.1.5.jar;C:\Users\DELL\.m2\repository\io\projectreactor\netty\reactor-netty-http\1.1.12\reactor-netty-http-1.1.12.jar;C:\Users\DELL\.m2\repository\io\netty\netty-codec-http\4.1.100.Final\netty-codec-http-4.1.100.Final.jar;C:\Users\DELL\.m2\repository\io\netty\netty-common\4.1.100.Final\netty-common-4.1.100.Final.jar;C:\Users\DELL\.m2\repository\io\netty\netty-buffer\4.1.100.Final\netty-buffer-4.1.100.Final.jar;C:\Users\DELL\.m2\repository\io\netty\netty-transport\4.1.100.Final\netty-transport-4.1.100.Final.jar;C:\Users\DELL\.m2\repository\io\netty\netty-codec\4.1.100.Final\netty-codec-4.1.100.Final.jar;C:\Users\DELL\.m2\repository\io\netty\netty-handler\4.1.100.Final\netty-handler-4.1.100.Final.jar;C:\Users\DELL\.m2\repository\io\netty\netty-codec-http2\4.1.100.Final\netty-codec-http2-4.1.100.Final.jar;C:\Users\DELL\.m2\repository\io\netty\netty-resolver-dns\4.1.100.Final\netty-resolver-dns-4.1.100.Final.jar;C:\Users\DELL\.m2\repository\io\netty\netty-resolver\4.1.100.Final\netty-resolver-4.1.100.Final.jar;C:\Users\DELL\.m2\repository\io\netty\netty-codec-dns\4.1.100.Final\netty-codec-dns-4.1.100.Final.jar;C:\Users\DELL\.m2\repository\io\netty\netty-resolver-dns-native-macos\4.1.100.Final\netty-resolver-dns-native-macos-4.1.100.Final-osx-x86_64.jar;C:\Users\DELL\.m2\repository\io\netty\netty-resolver-dns-classes-macos\4.1.100.Final\netty-resolver-dns-classes-macos-4.1.100.Final.jar;C:\Users\DELL\.m2\repository\io\netty\netty-transport-native-epoll\4.1.100.Final\netty-transport-native-epoll-4.1.100.Final-linux-x86_64.jar;C:\Users\DELL\.m2\repository\io\netty\netty-transport-native-unix-common\4.1.100.Final\netty-transport-native-unix-common-4.1.100.Final.jar;C:\Users\DELL\.m2\repository\io\netty\netty-transport-classes-epoll\4.1.100.Final\netty-transport-classes-epoll-4.1.100.Final.jar;C:\Users\DELL\.m2\repository\io\projectreactor\netty\reactor-netty-core\1.1.12\reactor-netty-core-1.1.12.jar;C:\Users\DELL\.m2\repository\io\netty\netty-handler-proxy\4.1.100.Final\netty-handler-proxy-4.1.100.Final.jar;C:\Users\DELL\.m2\repository\io\netty\netty-codec-socks\4.1.100.Final\netty-codec-socks-4.1.100.Final.jar;C:\Users\DELL\.m2\repository\org\springframework\spring-web\6.0.13\spring-web-6.0.13.jar;C:\Users\DELL\.m2\repository\io\micrometer\micrometer-observation\1.11.5\micrometer-observation-1.11.5.jar;C:\Users\DELL\.m2\repository\io\micrometer\micrometer-commons\1.11.5\micrometer-commons-1.11.5.jar;C:\Users\DELL\.m2\repository\org\springframework\spring-webflux\6.0.13\spring-webflux-6.0.13.jar;C:\Users\DELL\.m2\repository\io\projectreactor\reactor-core\3.5.11\reactor-core-3.5.11.jar;C:\Users\DELL\.m2\repository\org\reactivestreams\reactive-streams\1.0.4\reactive-streams-1.0.4.jar;C:\Users\DELL\.m2\repository\org\projectlombok\lombok\1.18.30\lombok-1.18.30.jar;C:\Users\DELL\.m2\repository\jakarta\xml\bind\jakarta.xml.bind-api\4.0.1\jakarta.xml.bind-api-4.0.1.jar;C:\Users\DELL\.m2\repository\jakarta\activation\jakarta.activation-api\2.1.2\jakarta.activation-api-2.1.2.jar;C:\Users\DELL\.m2\repository\org\springframework\spring-core\6.0.13\spring-core-6.0.13.jar;C:\Users\DELL\.m2\repository\org\springframework\spring-jcl\6.0.13\spring-jcl-6.0.13.jar;C:\Users\DELL\.m2\repository\org\mariadb\jdbc\mariadb-java-client\3.1.4\mariadb-java-client-3.1.4.jar;C:\Users\DELL\.m2\repository\com\github\waffle\waffle-jna\3.2.0\waffle-jna-3.2.0.jar;C:\Users\DELL\.m2\repository\net\java\dev\jna\jna\5.12.1\jna-5.12.1.jar;C:\Users\DELL\.m2\repository\net\java\dev\jna\jna-platform\5.12.1\jna-platform-5.12.1.jar;C:\Users\DELL\.m2\repository\org\slf4j\jcl-over-slf4j\2.0.9\jcl-over-slf4j-2.0.9.jar;C:\Users\DELL\.m2\repository\com\github\ben-manes\caffeine\caffeine\3.1.8\caffeine-3.1.8.jar;C:\Users\DELL\.m2\repository\com\google\errorprone\error_prone_annotations\2.21.1\error_prone_annotations-2.21.1.jar;C:\Users\DELL\.m2\repository\org\checkerframework\checker-qual\3.23.0\checker-qual-3.23.0.jar;C:\Users\DELL\.m2\repository\net\sf\jasperreports\jasperreports\6.20.5\jasperreports-6.20.5.jar;C:\Users\DELL\.m2\repository\commons-beanutils\commons-beanutils\1.9.4\commons-beanutils-1.9.4.jar;C:\Users\DELL\.m2\repository\commons-collections\commons-collections\3.2.2\commons-collections-3.2.2.jar;C:\Users\DELL\.m2\repository\commons-digester\commons-digester\2.1\commons-digester-2.1.jar;C:\Users\DELL\.m2\repository\commons-logging\commons-logging\1.1.1\commons-logging-1.1.1.jar;C:\Users\DELL\.m2\repository\org\apache\commons\commons-collections4\4.2\commons-collections4-4.2.jar;C:\Users\DELL\.m2\repository\com\github\librepdf\openpdf\1.3.30.jaspersoft.2\openpdf-1.3.30.jaspersoft.2.jar;C:\Users\DELL\.m2\repository\org\jfree\jcommon\1.0.23\jcommon-1.0.23.jar;C:\Users\DELL\.m2\repository\org\jfree\jfreechart\1.0.19\jfreechart-1.0.19.jar;C:\Users\DELL\.m2\repository\org\eclipse\jdt\ecj\3.21.0\ecj-3.21.0.jar;C:\Users\DELL\.m2\repository\com\fasterxml\jackson\core\jackson-core\2.15.3\jackson-core-2.15.3.jar;C:\Users\DELL\.m2\repository\com\fasterxml\jackson\core\jackson-databind\2.15.3\jackson-databind-2.15.3.jar;C:\Users\DELL\.m2\repository\com\fasterxml\jackson\core\jackson-annotations\2.15.3\jackson-annotations-2.15.3.jar;C:\Users\DELL\.m2\repository\com\fasterxml\jackson\dataformat\jackson-dataformat-xml\2.15.3\jackson-dataformat-xml-2.15.3.jar;C:\Users\DELL\.m2\repository\org\codehaus\woodstox\stax2-api\4.2.1\stax2-api-4.2.1.jar;C:\Users\DELL\.m2\repository\com\fasterxml\woodstox\woodstox-core\6.5.1\woodstox-core-6.5.1.jar;C:\Users\DELL\.m2\repository\com\google\code\gson\gson\2.10.1\gson-2.10.1.jar;C:\Users\DELL\.m2\repository\net\lingala\zip4j\zip4j\2.11.5\zip4j-2.11.5.jar;C:\Users\DELL\.m2\repository\com\google\myanmartools\myanmar-tools\1.2.0\myanmar-tools-1.2.0.jar;C:\Users\DELL\.m2\repository\org\springdoc\springdoc-openapi-starter-webflux-ui\2.1.0\springdoc-openapi-starter-webflux-ui-2.1.0.jar;C:\Users\DELL\.m2\repository\org\springdoc\springdoc-openapi-starter-webflux-api\2.1.0\springdoc-openapi-starter-webflux-api-2.1.0.jar;C:\Users\DELL\.m2\repository\org\springdoc\springdoc-openapi-starter-common\2.1.0\springdoc-openapi-starter-common-2.1.0.jar;C:\Users\DELL\.m2\repository\io\swagger\core\v3\swagger-core-jakarta\2.2.9\swagger-core-jakarta-2.2.9.jar;C:\Users\DELL\.m2\repository\org\apache\commons\commons-lang3\3.12.0\commons-lang3-3.12.0.jar;C:\Users\DELL\.m2\repository\io\swagger\core\v3\swagger-annotations-jakarta\2.2.9\swagger-annotations-jakarta-2.2.9.jar;C:\Users\DELL\.m2\repository\io\swagger\core\v3\swagger-models-jakarta\2.2.9\swagger-models-jakarta-2.2.9.jar;C:\Users\DELL\.m2\repository\jakarta\validation\jakarta.validation-api\3.0.2\jakarta.validation-api-3.0.2.jar;C:\Users\DELL\.m2\repository\com\fasterxml\jackson\dataformat\jackson-dataformat-yaml\2.15.3\jackson-dataformat-yaml-2.15.3.jar;C:\Users\DELL\.m2\repository\org\webjars\swagger-ui\4.18.2\swagger-ui-4.18.2.jar;C:\Users\DELL\.m2\repository\io\jsonwebtoken\jjwt-api\0.11.5\jjwt-api-0.11.5.jar;C:\Users\DELL\.m2\repository\io\jsonwebtoken\jjwt-impl\0.11.5\jjwt-impl-0.11.5.jar;C:\Users\DELL\.m2\repository\io\jsonwebtoken\jjwt-jackson\0.11.5\jjwt-jackson-0.11.5.jar;C:\Users\DELL\.m2\repository\org\jetbrains\annotations\24.0.1\annotations-24.0.1.jar;C:\Users\DELL\.m2\repository\com\zaxxer\HikariCP\5.0.1\HikariCP-5.0.1.jar;C:\Users\DELL\.m2\repository\org\slf4j\slf4j-api\2.0.9\slf4j-api-2.0.9.jar
Launcher Type: SUN_STANDARD

[Global flags]
     intx CICompilerCount                          = 3                                         {product} {ergonomic}
     uint ConcGCThreads                            = 1                                         {product} {ergonomic}
     uint G1ConcRefinementThreads                  = 4                                         {product} {ergonomic}
   size_t G1HeapRegionSize                         = 2097152                                   {product} {ergonomic}
    uintx GCDrainStackTargetSize                   = 64                                        {product} {ergonomic}
   size_t InitialHeapSize                          = 268435456                                 {product} {ergonomic}
   size_t MarkStackSize                            = 4194304                                   {product} {ergonomic}
   size_t MaxHeapSize                              = 4265607168                                {product} {ergonomic}
   size_t MaxNewSize                               = 2558525440                                {product} {ergonomic}
   size_t MinHeapDeltaBytes                        = 2097152                                   {product} {ergonomic}
   size_t MinHeapSize                              = 8388608                                   {product} {ergonomic}
    uintx NonNMethodCodeHeapSize                   = 5832780                                {pd product} {ergonomic}
    uintx NonProfiledCodeHeapSize                  = 122912730                              {pd product} {ergonomic}
    uintx ProfiledCodeHeapSize                     = 122912730                              {pd product} {ergonomic}
    uintx ReservedCodeCacheSize                    = 251658240                              {pd product} {ergonomic}
     bool SegmentedCodeCache                       = true                                      {product} {ergonomic}
   size_t SoftMaxHeapSize                          = 4265607168                             {manageable} {ergonomic}
     bool UseCompressedOops                        = true                           {product lp64_product} {ergonomic}
     bool UseG1GC                                  = true                                      {product} {ergonomic}
     bool UseLargePagesIndividualAllocation        = false                                  {pd product} {ergonomic}

Logging:
Log output configuration:
 #0: stdout all=warning uptime,level,tags foldmultilines=false
 #1: stderr all=off uptime,level,tags foldmultilines=false

Environment Variables:
JAVA_HOME=C:\Program Files\Java\jdk-21
PATH=C:\Program Files (x86)\Common Files\Oracle\Java\javapath;C:\Program Files\Common Files\Oracle\Java\javapath;C:\Windows\system32;C:\Windows;C:\Windows\System32\Wbem;C:\Windows\System32\WindowsPowerShell\v1.0\;C:\Windows\System32\OpenSSH\;C:\Program Files\Cloudflare\Cloudflare WARP\;D:\installer\flutter\bin;C:\Program Files\Android\Android Studio\jbr\bin;C:\Program Files\Microsoft SQL Server\150\Tools\Binn\;C:\Program Files\Microsoft SQL Server\Client SDK\ODBC\170\Tools\Binn\;C:\Program Files\dotnet\;C:\Program Files\Git\cmd;C:\Program Files\apache-maven-3.9.4\bin;C:\Program Files\Java\jdk-21\bin;C:\Program Files\nodejs\;C:\Users\DELL\AppData\Local\Programs\Python\Python311\Scripts\;C:\Users\DELL\AppData\Local\Programs\Python\Python311\;C:\Users\DELL\AppData\Local\Microsoft\WindowsApps;;C:\Users\DELL\AppData\Local\Programs\Microsoft VS Code\bin;C:\Users\DELL\.dotnet\tools;C:\Program Files\JetBrains\IntelliJ IDEA Community Edition 2023.2.1\bin;;C:\Users\DELL\AppData\Roaming\npm
USERNAME=DELL
OS=Windows_NT
PROCESSOR_IDENTIFIER=Intel64 Family 6 Model 94 Stepping 3, GenuineIntel
TMP=C:\Users\DELL\AppData\Local\Temp
TEMP=C:\Users\DELL\AppData\Local\Temp




---------------  S Y S T E M  ---------------

OS:
 Windows 10 , 64 bit Build 19041 (10.0.19041.3031)
OS uptime: 4 days 1:32 hours

CPU: total 4 (initial active 4) (4 cores per cpu, 1 threads per core) family 6 model 94 stepping 3 microcode 0xf2, cx8, cmov, fxsr, mmx, 3dnowpref, sse, sse2, sse3, ssse3, sse4.1, sse4.2, popcnt, lzcnt, tsc, tscinvbit, avx, avx2, aes, erms, clmul, bmi1, bmi2, rtm, adx, fma, vzeroupper, clflush, clflushopt, rdtscp, f16c
Processor Information for all 4 processors :
  Max Mhz: 3192, Current Mhz: 3192, Mhz Limit: 3192

Memory: 4k page, system-wide physical 16267M (2450M free)
TotalPageFile size 16267M (AvailPageFile size 5M)
current process WorkingSet (physical memory assigned to process): 352M, peak: 352M
current process commit charge ("private bytes"): 383M, peak: 398M

vm_info: Java HotSpot(TM) 64-Bit Server VM (21+35-LTS-2513) for windows-amd64 JRE (21+35-LTS-2513), built on 2023-08-09T20:25:10Z by "mach5one" with MS VC++ 17.1 (VS2022)

END.
